ARM GAS  C:\Users\JOHNSO~1\AppData\Local\Temp\cclwyB2O.s 			page 1


   1              		.cpu cortex-m0
   2              		.fpu softvfp
   3              		.eabi_attribute 20, 1
   4              		.eabi_attribute 21, 1
   5              		.eabi_attribute 23, 3
   6              		.eabi_attribute 24, 1
   7              		.eabi_attribute 25, 1
   8              		.eabi_attribute 26, 1
   9              		.eabi_attribute 30, 6
  10              		.eabi_attribute 34, 0
  11              		.eabi_attribute 18, 4
  12              		.code	16
  13              		.file	"main.c"
  14              		.text
  15              	.Ltext0:
  16              		.cfi_sections	.debug_frame
  17              		.section	.text.main,"ax",%progbits
  18              		.align	2
  19              		.global	main
  20              		.code	16
  21              		.thumb_func
  22              		.type	main, %function
  23              	main:
  24              	.LFB33:
  25              		.file 1 ".\\main.c"
   1:.\main.c      **** /* ========================================
   2:.\main.c      ****  *
   3:.\main.c      ****  * Copyright YOUR COMPANY, THE YEAR
   4:.\main.c      ****  * All Rights Reserved
   5:.\main.c      ****  * UNPUBLISHED, LICENSED SOFTWARE.
   6:.\main.c      ****  *
   7:.\main.c      ****  * CONFIDENTIAL AND PROPRIETARY INFORMATION
   8:.\main.c      ****  * WHICH IS THE PROPERTY OF your company.
   9:.\main.c      ****  *
  10:.\main.c      ****  * ========================================
  11:.\main.c      **** */
  12:.\main.c      **** #include <project.h>
  13:.\main.c      **** 
  14:.\main.c      **** int main()
  15:.\main.c      **** {
  26              		.loc 1 15 0
  27              		.cfi_startproc
  28 0000 80B5     		push	{r7, lr}
  29              		.cfi_def_cfa_offset 8
  30              		.cfi_offset 7, -8
  31              		.cfi_offset 14, -4
  32 0002 82B0     		sub	sp, sp, #8
  33              		.cfi_def_cfa_offset 16
  34 0004 00AF     		add	r7, sp, #0
  35              		.cfi_def_cfa_register 7
  16:.\main.c      ****     Timer_1_Start();
  36              		.loc 1 16 0
  37 0006 FFF7FEFF 		bl	Timer_1_Start
  38              	.L6:
  39              	.LBB2:
  17:.\main.c      ****     
  18:.\main.c      **** 
ARM GAS  C:\Users\JOHNSO~1\AppData\Local\Temp\cclwyB2O.s 			page 2


  19:.\main.c      ****     /* CyGlobalIntEnable; */ /* Uncomment this line to enable global interrupts. */
  20:.\main.c      ****     for(;;)
  21:.\main.c      ****     {
  22:.\main.c      **** 
  23:.\main.c      ****         uint16 timer1 = Timer_1_ReadCapture();
  40              		.loc 1 23 0
  41 000a FFF7FEFF 		bl	Timer_1_ReadCapture
  42 000e 021C     		mov	r2, r0
  43 0010 BB1D     		add	r3, r7, #6
  44 0012 1A80     		strh	r2, [r3]
  24:.\main.c      ****        
  25:.\main.c      ****         if (timer1 >= 1000 && timer1 <= 2000)
  45              		.loc 1 25 0
  46 0014 BB1D     		add	r3, r7, #6
  47 0016 1A88     		ldrh	r2, [r3]
  48 0018 114B     		ldr	r3, .L7
  49 001a 9A42     		cmp	r2, r3
  50 001c 18D9     		bls	.L2
  51              		.loc 1 25 0 is_stmt 0 discriminator 1
  52 001e BB1D     		add	r3, r7, #6
  53 0020 1A88     		ldrh	r2, [r3]
  54 0022 FA23     		mov	r3, #250
  55 0024 DB00     		lsl	r3, r3, #3
  56 0026 9A42     		cmp	r2, r3
  57 0028 12D8     		bhi	.L2
  26:.\main.c      ****         {
  27:.\main.c      ****             if (timer1 > 1500)
  58              		.loc 1 27 0 is_stmt 1
  59 002a BB1D     		add	r3, r7, #6
  60 002c 1A88     		ldrh	r2, [r3]
  61 002e 0D4B     		ldr	r3, .L7+4
  62 0030 9A42     		cmp	r2, r3
  63 0032 06D9     		bls	.L3
  28:.\main.c      ****             {
  29:.\main.c      ****                 LED_Write(1);
  64              		.loc 1 29 0
  65 0034 0120     		mov	r0, #1
  66 0036 FFF7FEFF 		bl	LED_Write
  30:.\main.c      ****                 INPUT_SELECT_Write(1);
  67              		.loc 1 30 0
  68 003a 0120     		mov	r0, #1
  69 003c FFF7FEFF 		bl	INPUT_SELECT_Write
  27:.\main.c      ****             if (timer1 > 1500)
  70              		.loc 1 27 0
  71 0040 0DE0     		b	.L5
  72              	.L3:
  31:.\main.c      ****             }
  32:.\main.c      ****             else
  33:.\main.c      ****             {
  34:.\main.c      ****                 LED_Write(0);
  73              		.loc 1 34 0
  74 0042 0020     		mov	r0, #0
  75 0044 FFF7FEFF 		bl	LED_Write
  35:.\main.c      ****                 INPUT_SELECT_Write(0);
  76              		.loc 1 35 0
  77 0048 0020     		mov	r0, #0
  78 004a FFF7FEFF 		bl	INPUT_SELECT_Write
ARM GAS  C:\Users\JOHNSO~1\AppData\Local\Temp\cclwyB2O.s 			page 3


  27:.\main.c      ****             if (timer1 > 1500)
  79              		.loc 1 27 0
  80 004e 06E0     		b	.L5
  81              	.L2:
  36:.\main.c      ****             }
  37:.\main.c      ****         }
  38:.\main.c      ****         else
  39:.\main.c      ****         {
  40:.\main.c      ****             INPUT_SELECT_Write(0);
  82              		.loc 1 40 0
  83 0050 0020     		mov	r0, #0
  84 0052 FFF7FEFF 		bl	INPUT_SELECT_Write
  41:.\main.c      ****             LED_Write(0);
  85              		.loc 1 41 0
  86 0056 0020     		mov	r0, #0
  87 0058 FFF7FEFF 		bl	LED_Write
  88              	.LBE2:
  42:.\main.c      ****         }
  43:.\main.c      ****         
  44:.\main.c      **** 
  45:.\main.c      ****     }
  89              		.loc 1 45 0
  90 005c D5E7     		b	.L6
  91              	.L5:
  92 005e D4E7     		b	.L6
  93              	.L8:
  94              		.align	2
  95              	.L7:
  96 0060 E7030000 		.word	999
  97 0064 DC050000 		.word	1500
  98              		.cfi_endproc
  99              	.LFE33:
 100              		.size	main, .-main
 101              		.text
 102              	.Letext0:
 103              		.file 2 ".\\Generated_Source\\PSoC4/cytypes.h"
 104              		.section	.debug_info,"",%progbits
 105              	.Ldebug_info0:
 106 0000 BD000000 		.4byte	0xbd
 107 0004 0400     		.2byte	0x4
 108 0006 00000000 		.4byte	.Ldebug_abbrev0
 109 000a 04       		.byte	0x4
 110 000b 01       		.uleb128 0x1
 111 000c 50000000 		.4byte	.LASF13
 112 0010 01       		.byte	0x1
 113 0011 6A010000 		.4byte	.LASF14
 114 0015 1E010000 		.4byte	.LASF15
 115 0019 00000000 		.4byte	.Ldebug_ranges0+0
 116 001d 00000000 		.4byte	0
 117 0021 00000000 		.4byte	.Ldebug_line0
 118 0025 02       		.uleb128 0x2
 119 0026 01       		.byte	0x1
 120 0027 06       		.byte	0x6
 121 0028 0C010000 		.4byte	.LASF0
 122 002c 02       		.uleb128 0x2
 123 002d 01       		.byte	0x1
 124 002e 08       		.byte	0x8
ARM GAS  C:\Users\JOHNSO~1\AppData\Local\Temp\cclwyB2O.s 			page 4


 125 002f CC000000 		.4byte	.LASF1
 126 0033 02       		.uleb128 0x2
 127 0034 02       		.byte	0x2
 128 0035 05       		.byte	0x5
 129 0036 E8000000 		.4byte	.LASF2
 130 003a 02       		.uleb128 0x2
 131 003b 02       		.byte	0x2
 132 003c 07       		.byte	0x7
 133 003d F9000000 		.4byte	.LASF3
 134 0041 02       		.uleb128 0x2
 135 0042 04       		.byte	0x4
 136 0043 05       		.byte	0x5
 137 0044 DF000000 		.4byte	.LASF4
 138 0048 02       		.uleb128 0x2
 139 0049 04       		.byte	0x4
 140 004a 07       		.byte	0x7
 141 004b 20000000 		.4byte	.LASF5
 142 004f 02       		.uleb128 0x2
 143 0050 08       		.byte	0x8
 144 0051 05       		.byte	0x5
 145 0052 00000000 		.4byte	.LASF6
 146 0056 02       		.uleb128 0x2
 147 0057 08       		.byte	0x8
 148 0058 07       		.byte	0x7
 149 0059 32000000 		.4byte	.LASF7
 150 005d 03       		.uleb128 0x3
 151 005e 04       		.byte	0x4
 152 005f 05       		.byte	0x5
 153 0060 696E7400 		.ascii	"int\000"
 154 0064 02       		.uleb128 0x2
 155 0065 04       		.byte	0x4
 156 0066 07       		.byte	0x7
 157 0067 0E000000 		.4byte	.LASF8
 158 006b 04       		.uleb128 0x4
 159 006c 73010000 		.4byte	.LASF16
 160 0070 02       		.byte	0x2
 161 0071 A2       		.byte	0xa2
 162 0072 3A000000 		.4byte	0x3a
 163 0076 02       		.uleb128 0x2
 164 0077 04       		.byte	0x4
 165 0078 04       		.byte	0x4
 166 0079 18010000 		.4byte	.LASF9
 167 007d 02       		.uleb128 0x2
 168 007e 08       		.byte	0x8
 169 007f 04       		.byte	0x4
 170 0080 F2000000 		.4byte	.LASF10
 171 0084 02       		.uleb128 0x2
 172 0085 01       		.byte	0x1
 173 0086 08       		.byte	0x8
 174 0087 DA000000 		.4byte	.LASF11
 175 008b 02       		.uleb128 0x2
 176 008c 04       		.byte	0x4
 177 008d 07       		.byte	0x7
 178 008e 7A010000 		.4byte	.LASF12
 179 0092 05       		.uleb128 0x5
 180 0093 1B000000 		.4byte	.LASF17
 181 0097 01       		.byte	0x1
ARM GAS  C:\Users\JOHNSO~1\AppData\Local\Temp\cclwyB2O.s 			page 5


 182 0098 0E       		.byte	0xe
 183 0099 5D000000 		.4byte	0x5d
 184 009d 00000000 		.4byte	.LFB33
 185 00a1 68000000 		.4byte	.LFE33-.LFB33
 186 00a5 01       		.uleb128 0x1
 187 00a6 9C       		.byte	0x9c
 188 00a7 06       		.uleb128 0x6
 189 00a8 0A000000 		.4byte	.LBB2
 190 00ac 52000000 		.4byte	.LBE2-.LBB2
 191 00b0 07       		.uleb128 0x7
 192 00b1 49000000 		.4byte	.LASF18
 193 00b5 01       		.byte	0x1
 194 00b6 17       		.byte	0x17
 195 00b7 6B000000 		.4byte	0x6b
 196 00bb 02       		.uleb128 0x2
 197 00bc 91       		.byte	0x91
 198 00bd 76       		.sleb128 -10
 199 00be 00       		.byte	0
 200 00bf 00       		.byte	0
 201 00c0 00       		.byte	0
 202              		.section	.debug_abbrev,"",%progbits
 203              	.Ldebug_abbrev0:
 204 0000 01       		.uleb128 0x1
 205 0001 11       		.uleb128 0x11
 206 0002 01       		.byte	0x1
 207 0003 25       		.uleb128 0x25
 208 0004 0E       		.uleb128 0xe
 209 0005 13       		.uleb128 0x13
 210 0006 0B       		.uleb128 0xb
 211 0007 03       		.uleb128 0x3
 212 0008 0E       		.uleb128 0xe
 213 0009 1B       		.uleb128 0x1b
 214 000a 0E       		.uleb128 0xe
 215 000b 55       		.uleb128 0x55
 216 000c 17       		.uleb128 0x17
 217 000d 11       		.uleb128 0x11
 218 000e 01       		.uleb128 0x1
 219 000f 10       		.uleb128 0x10
 220 0010 17       		.uleb128 0x17
 221 0011 00       		.byte	0
 222 0012 00       		.byte	0
 223 0013 02       		.uleb128 0x2
 224 0014 24       		.uleb128 0x24
 225 0015 00       		.byte	0
 226 0016 0B       		.uleb128 0xb
 227 0017 0B       		.uleb128 0xb
 228 0018 3E       		.uleb128 0x3e
 229 0019 0B       		.uleb128 0xb
 230 001a 03       		.uleb128 0x3
 231 001b 0E       		.uleb128 0xe
 232 001c 00       		.byte	0
 233 001d 00       		.byte	0
 234 001e 03       		.uleb128 0x3
 235 001f 24       		.uleb128 0x24
 236 0020 00       		.byte	0
 237 0021 0B       		.uleb128 0xb
 238 0022 0B       		.uleb128 0xb
ARM GAS  C:\Users\JOHNSO~1\AppData\Local\Temp\cclwyB2O.s 			page 6


 239 0023 3E       		.uleb128 0x3e
 240 0024 0B       		.uleb128 0xb
 241 0025 03       		.uleb128 0x3
 242 0026 08       		.uleb128 0x8
 243 0027 00       		.byte	0
 244 0028 00       		.byte	0
 245 0029 04       		.uleb128 0x4
 246 002a 16       		.uleb128 0x16
 247 002b 00       		.byte	0
 248 002c 03       		.uleb128 0x3
 249 002d 0E       		.uleb128 0xe
 250 002e 3A       		.uleb128 0x3a
 251 002f 0B       		.uleb128 0xb
 252 0030 3B       		.uleb128 0x3b
 253 0031 0B       		.uleb128 0xb
 254 0032 49       		.uleb128 0x49
 255 0033 13       		.uleb128 0x13
 256 0034 00       		.byte	0
 257 0035 00       		.byte	0
 258 0036 05       		.uleb128 0x5
 259 0037 2E       		.uleb128 0x2e
 260 0038 01       		.byte	0x1
 261 0039 3F       		.uleb128 0x3f
 262 003a 19       		.uleb128 0x19
 263 003b 03       		.uleb128 0x3
 264 003c 0E       		.uleb128 0xe
 265 003d 3A       		.uleb128 0x3a
 266 003e 0B       		.uleb128 0xb
 267 003f 3B       		.uleb128 0x3b
 268 0040 0B       		.uleb128 0xb
 269 0041 49       		.uleb128 0x49
 270 0042 13       		.uleb128 0x13
 271 0043 11       		.uleb128 0x11
 272 0044 01       		.uleb128 0x1
 273 0045 12       		.uleb128 0x12
 274 0046 06       		.uleb128 0x6
 275 0047 40       		.uleb128 0x40
 276 0048 18       		.uleb128 0x18
 277 0049 9642     		.uleb128 0x2116
 278 004b 19       		.uleb128 0x19
 279 004c 00       		.byte	0
 280 004d 00       		.byte	0
 281 004e 06       		.uleb128 0x6
 282 004f 0B       		.uleb128 0xb
 283 0050 01       		.byte	0x1
 284 0051 11       		.uleb128 0x11
 285 0052 01       		.uleb128 0x1
 286 0053 12       		.uleb128 0x12
 287 0054 06       		.uleb128 0x6
 288 0055 00       		.byte	0
 289 0056 00       		.byte	0
 290 0057 07       		.uleb128 0x7
 291 0058 34       		.uleb128 0x34
 292 0059 00       		.byte	0
 293 005a 03       		.uleb128 0x3
 294 005b 0E       		.uleb128 0xe
 295 005c 3A       		.uleb128 0x3a
ARM GAS  C:\Users\JOHNSO~1\AppData\Local\Temp\cclwyB2O.s 			page 7


 296 005d 0B       		.uleb128 0xb
 297 005e 3B       		.uleb128 0x3b
 298 005f 0B       		.uleb128 0xb
 299 0060 49       		.uleb128 0x49
 300 0061 13       		.uleb128 0x13
 301 0062 02       		.uleb128 0x2
 302 0063 18       		.uleb128 0x18
 303 0064 00       		.byte	0
 304 0065 00       		.byte	0
 305 0066 00       		.byte	0
 306              		.section	.debug_aranges,"",%progbits
 307 0000 1C000000 		.4byte	0x1c
 308 0004 0200     		.2byte	0x2
 309 0006 00000000 		.4byte	.Ldebug_info0
 310 000a 04       		.byte	0x4
 311 000b 00       		.byte	0
 312 000c 0000     		.2byte	0
 313 000e 0000     		.2byte	0
 314 0010 00000000 		.4byte	.LFB33
 315 0014 68000000 		.4byte	.LFE33-.LFB33
 316 0018 00000000 		.4byte	0
 317 001c 00000000 		.4byte	0
 318              		.section	.debug_ranges,"",%progbits
 319              	.Ldebug_ranges0:
 320 0000 00000000 		.4byte	.LFB33
 321 0004 68000000 		.4byte	.LFE33
 322 0008 00000000 		.4byte	0
 323 000c 00000000 		.4byte	0
 324              		.section	.debug_line,"",%progbits
 325              	.Ldebug_line0:
 326 0000 72000000 		.section	.debug_str,"MS",%progbits,1
 326      02004500 
 326      00000201 
 326      FB0E0D00 
 326      01010101 
 327              	.LASF6:
 328 0000 6C6F6E67 		.ascii	"long long int\000"
 328      206C6F6E 
 328      6720696E 
 328      7400
 329              	.LASF8:
 330 000e 756E7369 		.ascii	"unsigned int\000"
 330      676E6564 
 330      20696E74 
 330      00
 331              	.LASF17:
 332 001b 6D61696E 		.ascii	"main\000"
 332      00
 333              	.LASF5:
 334 0020 6C6F6E67 		.ascii	"long unsigned int\000"
 334      20756E73 
 334      69676E65 
 334      6420696E 
 334      7400
 335              	.LASF7:
 336 0032 6C6F6E67 		.ascii	"long long unsigned int\000"
 336      206C6F6E 
ARM GAS  C:\Users\JOHNSO~1\AppData\Local\Temp\cclwyB2O.s 			page 8


 336      6720756E 
 336      7369676E 
 336      65642069 
 337              	.LASF18:
 338 0049 74696D65 		.ascii	"timer1\000"
 338      723100
 339              	.LASF13:
 340 0050 474E5520 		.ascii	"GNU C 4.8.4 20140526 (release) [ARM/embedded-4_8-br"
 340      4320342E 
 340      382E3420 
 340      32303134 
 340      30353236 
 341 0083 616E6368 		.ascii	"anch revision 211358] -mcpu=cortex-m0 -mthumb -g -O"
 341      20726576 
 341      6973696F 
 341      6E203231 
 341      31333538 
 342 00b6 30202D66 		.ascii	"0 -ffunction-sections\000"
 342      66756E63 
 342      74696F6E 
 342      2D736563 
 342      74696F6E 
 343              	.LASF1:
 344 00cc 756E7369 		.ascii	"unsigned char\000"
 344      676E6564 
 344      20636861 
 344      7200
 345              	.LASF11:
 346 00da 63686172 		.ascii	"char\000"
 346      00
 347              	.LASF4:
 348 00df 6C6F6E67 		.ascii	"long int\000"
 348      20696E74 
 348      00
 349              	.LASF2:
 350 00e8 73686F72 		.ascii	"short int\000"
 350      7420696E 
 350      7400
 351              	.LASF10:
 352 00f2 646F7562 		.ascii	"double\000"
 352      6C6500
 353              	.LASF3:
 354 00f9 73686F72 		.ascii	"short unsigned int\000"
 354      7420756E 
 354      7369676E 
 354      65642069 
 354      6E7400
 355              	.LASF0:
 356 010c 7369676E 		.ascii	"signed char\000"
 356      65642063 
 356      68617200 
 357              	.LASF9:
 358 0118 666C6F61 		.ascii	"float\000"
 358      7400
 359              	.LASF15:
 360 011e 5C5C766D 		.ascii	"\\\\vmware-host\\Shared Folders\\OneDrive\\Tech\\Gi"
 360      77617265 
ARM GAS  C:\Users\JOHNSO~1\AppData\Local\Temp\cclwyB2O.s 			page 9


 360      2D686F73 
 360      745C5368 
 360      61726564 
 361 014b 74487562 		.ascii	"tHub\\Arm\\PWM_MUX\\PWM_MUX.cydsn\000"
 361      5C41726D 
 361      5C50574D 
 361      5F4D5558 
 361      5C50574D 
 362              	.LASF14:
 363 016a 2E5C6D61 		.ascii	".\\main.c\000"
 363      696E2E63 
 363      00
 364              	.LASF16:
 365 0173 75696E74 		.ascii	"uint16\000"
 365      313600
 366              	.LASF12:
 367 017a 73697A65 		.ascii	"sizetype\000"
 367      74797065 
 367      00
 368              		.ident	"GCC: (GNU Tools for ARM Embedded Processors) 4.8.4 20140526 (release) [ARM/embedded-4_8-br
